<?xml version="1.0" encoding="UTF-8"?>
<!-- Generated by org.testng.reporters.JUnitXMLReporter -->
<testsuite ignored="0" hostname="cgvak-lt271" failures="0" tests="3" name="Default test" time="14.986" errors="0" timestamp="30 Aug 2024 18:10:42 GMT">
  <testcase classname="com.testng.seleinum.EndtoEndAutomationFramework.originalfile" name="submittest" time="4.757"/>
  <testcase classname="com.testng.seleinum.EndtoEndAutomationFramework.originalfile" name="submittest" time="4.788"/>
  <testcase classname="com.testng.seleinum.EndtoEndAutomationFramework.originalfile" name="gotoorderpage" time="0.657"/>
</testsuite> <!-- Default test -->
