<?xml version="1.0" encoding="UTF-8"?>
<!-- Generated by org.testng.reporters.JUnitXMLReporter -->
<testsuite ignored="0" hostname="cgvak-lt271" failures="1" tests="1" name="errormessage test" time="6.564" errors="0" timestamp="30 Aug 2024 08:30:23 GMT">
  <testcase classname="com.testng.seleinum.EndtoEndAutomationFramework.errormessage" name="errormessagetest" time="0.796">
    <failure type="java.lang.AssertionError" message="expected [Incorrect email or password.] but found [Incorrect email  password.]">
      <![CDATA[java.lang.AssertionError: expected [Incorrect email or password.] but found [Incorrect email  password.]
at com.testng.seleinum.EndtoEndAutomationFramework.errormessage.errormessagetest(errormessage.java:23)
at java.base/java.util.concurrent.FutureTask.run(FutureTask.java:264)
at java.base/java.util.concurrent.ThreadPoolExecutor.runWorker(ThreadPoolExecutor.java:1136)
at java.base/java.util.concurrent.ThreadPoolExecutor$Worker.run(ThreadPoolExecutor.java:635)
at java.base/java.lang.Thread.run(Thread.java:840)
... Removed 22 stack frames]]>
    </failure>
  </testcase> <!-- errormessagetest -->
</testsuite> <!-- errormessage test -->
