<?xml version="1.0" encoding="UTF-8"?>
<!-- Generated by org.testng.reporters.JUnitXMLReporter -->
<testsuite ignored="0" hostname="cgvak-lt271" failures="0" tests="3" name="originalfile test" time="24.072" errors="0" timestamp="30 Aug 2024 08:30:41 GMT">
  <testcase classname="com.testng.seleinum.EndtoEndAutomationFramework.originalfile" name="submittest" time="5.337"/>
  <testcase classname="com.testng.seleinum.EndtoEndAutomationFramework.originalfile" name="submittest" time="5.204"/>
  <testcase classname="com.testng.seleinum.EndtoEndAutomationFramework.originalfile" name="gotoorderpage" time="1.162"/>
</testsuite> <!-- originalfile test -->
