<?xml version="1.0" encoding="UTF-8"?>
<!-- Generated by org.testng.reporters.JUnitXMLReporter -->
<testsuite ignored="0" hostname="cgvak-lt271" failures="0" tests="3" name="originalfile test" time="22.101" errors="0" timestamp="02 Sep 2024 14:17:42 GMT">
  <testcase classname="com.testng.seleinum.EndtoEndAutomationFramework.originalfile" name="submittest" time="5.376"/>
  <testcase classname="com.testng.seleinum.EndtoEndAutomationFramework.originalfile" name="submittest" time="5.374"/>
  <testcase classname="com.testng.seleinum.EndtoEndAutomationFramework.originalfile" name="gotoorderpage" time="0.861"/>
</testsuite> <!-- originalfile test -->
