<?xml version="1.0" encoding="UTF-8"?>
<testng-results ignored="0" total="4" passed="4" failed="0" skipped="0">
  <reporter-output>
  </reporter-output>
  <suite started-at="2024-09-02T14:17:20Z" name="Suite" finished-at="2024-09-02T14:17:42Z" duration-ms="22101">
    <groups>
      <group name="purchaseorder">
        <method signature="originalfile.submittest(java.util.HashMap)[pri:0, instance:com.testng.seleinum.EndtoEndAutomationFramework.originalfile@1c481ff2]" name="submittest" class="com.testng.seleinum.EndtoEndAutomationFramework.originalfile"/>
      </group> <!-- purchaseorder -->
      <group name="fullrun">
        <method signature="errormessage.errormessagetest()[pri:0, instance:com.testng.seleinum.EndtoEndAutomationFramework.errormessage@6e4566f1]" name="errormessagetest" class="com.testng.seleinum.EndtoEndAutomationFramework.errormessage"/>
      </group> <!-- fullrun -->
    </groups>
    <test started-at="2024-09-02T14:17:20Z" name="errormessage test" finished-at="2024-09-02T14:17:25Z" duration-ms="5050">
      <class name="com.testng.seleinum.EndtoEndAutomationFramework.errormessage">
        <test-method is-config="true" signature="launchapplication()[pri:0, instance:com.testng.seleinum.EndtoEndAutomationFramework.errormessage@6e4566f1]" started-at="2024-09-02T14:17:20Z" name="launchapplication" finished-at="2024-09-02T14:17:24Z" duration-ms="4174" status="PASS">
          <reporter-output>
          </reporter-output>
        </test-method> <!-- launchapplication -->
        <test-method signature="errormessagetest()[pri:0, instance:com.testng.seleinum.EndtoEndAutomationFramework.errormessage@6e4566f1]" started-at="2024-09-02T14:17:24Z" name="errormessagetest" finished-at="2024-09-02T14:17:25Z" duration-ms="738" status="PASS">
          <reporter-output>
          </reporter-output>
        </test-method> <!-- errormessagetest -->
        <test-method is-config="true" signature="Teardown()[pri:0, instance:com.testng.seleinum.EndtoEndAutomationFramework.errormessage@6e4566f1]" started-at="2024-09-02T14:17:25Z" name="Teardown" finished-at="2024-09-02T14:17:25Z" duration-ms="106" status="PASS">
          <reporter-output>
          </reporter-output>
        </test-method> <!-- Teardown -->
      </class> <!-- com.testng.seleinum.EndtoEndAutomationFramework.errormessage -->
    </test> <!-- errormessage test -->
    <test started-at="2024-09-02T14:17:20Z" name="originalfile test" finished-at="2024-09-02T14:17:42Z" duration-ms="22101">
      <class name="com.testng.seleinum.EndtoEndAutomationFramework.originalfile">
        <test-method is-config="true" signature="launchapplication()[pri:0, instance:com.testng.seleinum.EndtoEndAutomationFramework.originalfile@1c481ff2]" started-at="2024-09-02T14:17:21Z" name="launchapplication" finished-at="2024-09-02T14:17:24Z" duration-ms="3870" status="PASS">
          <reporter-output>
          </reporter-output>
        </test-method> <!-- launchapplication -->
        <test-method signature="submittest(java.util.HashMap)[pri:0, instance:com.testng.seleinum.EndtoEndAutomationFramework.originalfile@1c481ff2]" started-at="2024-09-02T14:17:24Z" name="submittest" data-provider="getdata" finished-at="2024-09-02T14:17:30Z" duration-ms="5376" status="PASS">
          <params>
            <param index="0">
              <value>
                <![CDATA[{productname=ZARA COAT 3, password=Sathishsk@007, email=sathishsk291993@gmail.com}]]>
              </value>
            </param>
          </params>
          <reporter-output>
          </reporter-output>
        </test-method> <!-- submittest -->
        <test-method is-config="true" signature="Teardown()[pri:0, instance:com.testng.seleinum.EndtoEndAutomationFramework.originalfile@1c481ff2]" started-at="2024-09-02T14:17:30Z" name="Teardown" finished-at="2024-09-02T14:17:30Z" duration-ms="103" status="PASS">
          <reporter-output>
          </reporter-output>
        </test-method> <!-- Teardown -->
        <test-method is-config="true" signature="launchapplication()[pri:0, instance:com.testng.seleinum.EndtoEndAutomationFramework.originalfile@1c481ff2]" started-at="2024-09-02T14:17:30Z" name="launchapplication" finished-at="2024-09-02T14:17:33Z" duration-ms="2968" status="PASS">
          <reporter-output>
          </reporter-output>
        </test-method> <!-- launchapplication -->
        <test-method signature="submittest(java.util.HashMap)[pri:0, instance:com.testng.seleinum.EndtoEndAutomationFramework.originalfile@1c481ff2]" started-at="2024-09-02T14:17:33Z" name="submittest" data-provider="getdata" finished-at="2024-09-02T14:17:38Z" duration-ms="5374" status="PASS">
          <params>
            <param index="0">
              <value>
                <![CDATA[{productname=ADIDAS ORIGINAL, password=Sathishsk@007, email=sathishsk291993@gmail.com}]]>
              </value>
            </param>
          </params>
          <reporter-output>
          </reporter-output>
        </test-method> <!-- submittest -->
        <test-method is-config="true" signature="Teardown()[pri:0, instance:com.testng.seleinum.EndtoEndAutomationFramework.originalfile@1c481ff2]" started-at="2024-09-02T14:17:38Z" name="Teardown" finished-at="2024-09-02T14:17:38Z" duration-ms="143" status="PASS">
          <reporter-output>
          </reporter-output>
        </test-method> <!-- Teardown -->
        <test-method is-config="true" signature="launchapplication()[pri:0, instance:com.testng.seleinum.EndtoEndAutomationFramework.originalfile@1c481ff2]" started-at="2024-09-02T14:17:38Z" name="launchapplication" finished-at="2024-09-02T14:17:41Z" duration-ms="2880" status="PASS">
          <reporter-output>
          </reporter-output>
        </test-method> <!-- launchapplication -->
        <test-method signature="gotoorderpage()[pri:0, instance:com.testng.seleinum.EndtoEndAutomationFramework.originalfile@1c481ff2]" started-at="2024-09-02T14:17:41Z" name="gotoorderpage" finished-at="2024-09-02T14:17:42Z" depends-on-methods="com.testng.seleinum.EndtoEndAutomationFramework.originalfile.submittest" duration-ms="861" status="PASS">
          <reporter-output>
          </reporter-output>
        </test-method> <!-- gotoorderpage -->
        <test-method is-config="true" signature="Teardown()[pri:0, instance:com.testng.seleinum.EndtoEndAutomationFramework.originalfile@1c481ff2]" started-at="2024-09-02T14:17:42Z" name="Teardown" finished-at="2024-09-02T14:17:42Z" duration-ms="124" status="PASS">
          <reporter-output>
          </reporter-output>
        </test-method> <!-- Teardown -->
      </class> <!-- com.testng.seleinum.EndtoEndAutomationFramework.originalfile -->
    </test> <!-- originalfile test -->
  </suite> <!-- Suite -->
</testng-results>
